<?xml version="1.0" encoding="UTF-8"?>
<testng-results skipped="0" failed="1" ignored="0" total="2" passed="1">
  <reporter-output>
  </reporter-output>
  <suite name="Default suite" duration-ms="38490" started-at="2020-01-24T18:26:11Z" finished-at="2020-01-24T18:26:49Z">
    <groups>
    </groups>
    <test name="Default test" duration-ms="38490" started-at="2020-01-24T18:26:11Z" finished-at="2020-01-24T18:26:49Z">
      <class name="org.test.TestNG1">
        <test-method status="PASS" signature="launchBrowser()[pri:0, instance:org.test.TestNG1@26be92ad]" name="launchBrowser" is-config="true" duration-ms="8502" started-at="2020-01-24T18:26:11Z" finished-at="2020-01-24T18:26:19Z">
          <reporter-output>
          </reporter-output>
        </test-method> <!-- launchBrowser -->
        <test-method status="PASS" signature="startTime()[pri:0, instance:org.test.TestNG1@26be92ad]" name="startTime" is-config="true" duration-ms="14" started-at="2020-01-24T18:26:19Z" finished-at="2020-01-24T18:26:19Z">
          <reporter-output>
          </reporter-output>
        </test-method> <!-- startTime -->
        <test-method status="FAIL" signature="testCase1()[pri:0, instance:org.test.TestNG1@26be92ad]" name="testCase1" duration-ms="10887" started-at="2020-01-24T18:26:19Z" finished-at="2020-01-24T18:26:30Z">
          <exception class="java.lang.AssertionError">
            <message>
              <![CDATA[expected [Farith@gmail.com] but found [Farith@gmai.com]]]>
            </message>
            <full-stacktrace>
              <![CDATA[java.lang.AssertionError: expected [Farith@gmail.com] but found [Farith@gmai.com]
at org.testng.Assert.fail(Assert.java:96)
at org.testng.Assert.failNotEquals(Assert.java:776)
at org.testng.Assert.assertEqualsImpl(Assert.java:137)
at org.testng.Assert.assertEquals(Assert.java:118)
at org.testng.Assert.assertEquals(Assert.java:453)
at org.testng.Assert.assertEquals(Assert.java:463)
at org.test.TestNG1.testCase1(TestNG1.java:48)
at sun.reflect.NativeMethodAccessorImpl.invoke0(Native Method)
at sun.reflect.NativeMethodAccessorImpl.invoke(NativeMethodAccessorImpl.java:62)
at sun.reflect.DelegatingMethodAccessorImpl.invoke(DelegatingMethodAccessorImpl.java:43)
at java.lang.reflect.Method.invoke(Method.java:498)
at org.testng.internal.MethodInvocationHelper.invokeMethod(MethodInvocationHelper.java:124)
at org.testng.internal.Invoker.invokeMethod(Invoker.java:583)
at org.testng.internal.Invoker.invokeTestMethod(Invoker.java:719)
at org.testng.internal.Invoker.invokeTestMethods(Invoker.java:989)
at org.testng.internal.TestMethodWorker.invokeTestMethods(TestMethodWorker.java:125)
at org.testng.internal.TestMethodWorker.run(TestMethodWorker.java:109)
at org.testng.TestRunner.privateRun(TestRunner.java:648)
at org.testng.TestRunner.run(TestRunner.java:505)
at org.testng.SuiteRunner.runTest(SuiteRunner.java:455)
at org.testng.SuiteRunner.runSequentially(SuiteRunner.java:450)
at org.testng.SuiteRunner.privateRun(SuiteRunner.java:415)
at org.testng.SuiteRunner.run(SuiteRunner.java:364)
at org.testng.SuiteRunnerWorker.runSuite(SuiteRunnerWorker.java:52)
at org.testng.SuiteRunnerWorker.run(SuiteRunnerWorker.java:84)
at org.testng.TestNG.runSuitesSequentially(TestNG.java:1208)
at org.testng.TestNG.runSuitesLocally(TestNG.java:1137)
at org.testng.TestNG.runSuites(TestNG.java:1049)
at org.testng.TestNG.run(TestNG.java:1017)
at org.testng.remote.AbstractRemoteTestNG.run(AbstractRemoteTestNG.java:115)
at org.testng.remote.RemoteTestNG.initAndRun(RemoteTestNG.java:251)
at org.testng.remote.RemoteTestNG.main(RemoteTestNG.java:77)
]]>
            </full-stacktrace>
          </exception> <!-- java.lang.AssertionError -->
          <reporter-output>
          </reporter-output>
        </test-method> <!-- testCase1 -->
        <test-method status="PASS" signature="endTime()[pri:0, instance:org.test.TestNG1@26be92ad]" name="endTime" is-config="true" duration-ms="1" started-at="2020-01-24T18:26:30Z" finished-at="2020-01-24T18:26:30Z">
          <reporter-output>
          </reporter-output>
        </test-method> <!-- endTime -->
        <test-method status="PASS" signature="startTime()[pri:0, instance:org.test.TestNG1@26be92ad]" name="startTime" is-config="true" duration-ms="1" started-at="2020-01-24T18:26:30Z" finished-at="2020-01-24T18:26:30Z">
          <reporter-output>
          </reporter-output>
        </test-method> <!-- startTime -->
        <test-method status="PASS" signature="testCase2()[pri:0, instance:org.test.TestNG1@26be92ad]" name="testCase2" duration-ms="18202" started-at="2020-01-24T18:26:30Z" finished-at="2020-01-24T18:26:48Z">
          <reporter-output>
          </reporter-output>
        </test-method> <!-- testCase2 -->
        <test-method status="PASS" signature="endTime()[pri:0, instance:org.test.TestNG1@26be92ad]" name="endTime" is-config="true" duration-ms="2" started-at="2020-01-24T18:26:48Z" finished-at="2020-01-24T18:26:48Z">
          <reporter-output>
          </reporter-output>
        </test-method> <!-- endTime -->
        <test-method status="PASS" signature="quitBrowser()[pri:0, instance:org.test.TestNG1@26be92ad]" name="quitBrowser" is-config="true" duration-ms="791" started-at="2020-01-24T18:26:48Z" finished-at="2020-01-24T18:26:49Z">
          <reporter-output>
          </reporter-output>
        </test-method> <!-- quitBrowser -->
      </class> <!-- org.test.TestNG1 -->
    </test> <!-- Default test -->
  </suite> <!-- Default suite -->
</testng-results>
